2025-07-02 21:47:28,209 - INFO - Starting training with configuration:
2025-07-02 21:47:28,210 - INFO - Creating data loaders...
2025-07-02 21:56:10,743 - INFO - Starting training with configuration:
2025-07-02 21:56:10,743 - INFO - Creating data loaders...
2025-07-02 21:59:09,787 - INFO - Starting training with configuration:
2025-07-02 21:59:09,788 - INFO - Creating data loaders...
2025-07-02 22:01:22,213 - INFO - Starting training with configuration:
2025-07-02 22:01:22,213 - INFO - Creating data loaders...
2025-07-02 22:01:22,252 - INFO - Creating models...
2025-07-02 22:04:01,112 - INFO - Starting training with configuration:
2025-07-02 22:04:01,113 - INFO - Creating data loaders...
2025-07-02 22:04:01,153 - INFO - Creating models...
2025-07-02 22:05:18,250 - INFO - Starting training with configuration:
2025-07-02 22:05:18,250 - INFO - Creating data loaders...
2025-07-02 22:05:18,289 - INFO - Creating models...
2025-07-02 22:05:18,390 - INFO - Generator parameters: 17,656,365
2025-07-02 22:05:18,390 - INFO - Discriminator parameters: 2,764,609
2025-07-02 22:09:39,211 - INFO - Starting training with configuration:
2025-07-02 22:09:39,211 - INFO - Creating data loaders...
2025-07-02 22:09:39,254 - INFO - Creating models...
2025-07-02 22:09:39,368 - INFO - Generator parameters: 17,656,365
2025-07-02 22:09:39,368 - INFO - Discriminator parameters: 2,764,609
2025-07-02 22:22:25,349 - INFO - Starting training with configuration:
2025-07-02 22:22:25,349 - INFO - Creating data loaders...
2025-07-02 22:22:25,400 - INFO - Creating models...
2025-07-02 22:22:25,503 - INFO - Generator parameters: 17,656,365
2025-07-02 22:22:25,503 - INFO - Discriminator parameters: 2,764,609
2025-07-02 22:31:08,138 - INFO - Starting training with configuration:
2025-07-02 22:31:08,139 - INFO - Creating data loaders...
2025-07-02 22:31:08,181 - INFO - Creating models...
2025-07-02 22:31:08,287 - INFO - Generator parameters: 17,656,365
2025-07-02 22:31:08,287 - INFO - Discriminator parameters: 2,764,609
2025-07-02 22:31:09,311 - INFO - Starting training loop...
